INFO: 2022/06/26 09:40:55 sql.go:94: All users successfully retreived from Database.
INFO: 2022/06/26 09:40:55 sql.go:35: All items successfully retreived from Database.
INFO: 2022/06/26 09:41:37 sql.go:131: User successfully updated in Database.
INFO: 2022/06/26 09:42:04 sql.go:131: User successfully updated in Database.
INFO: 2022/06/26 09:42:04 sql.go:55: Item successfully inserted into Database.
INFO: 2022/06/26 09:42:04 sql.go:35: All items successfully retreived from Database.
INFO: 2022/06/26 09:46:40 sql.go:71: Item successfully updated in Database.
INFO: 2022/06/26 09:46:40 sql.go:71: Item successfully updated in Database.
INFO: 2022/06/26 09:47:21 sql.go:131: User successfully updated in Database.
INFO: 2022/06/26 09:50:38 sql.go:131: User successfully updated in Database.
INFO: 2022/06/26 09:57:44 sql.go:88: All users successfully retreived from Database.
INFO: 2022/06/26 09:57:44 sql.go:36: All items successfully retreived from Database.
INFO: 2022/06/26 09:58:59 sql.go:88: All users successfully retreived from Database.
INFO: 2022/06/26 09:58:59 sql.go:36: All items successfully retreived from Database.
INFO: 2022/06/26 09:59:20 sql.go:88: All users successfully retreived from Database.
INFO: 2022/06/26 09:59:20 sql.go:36: All items successfully retreived from Database.
INFO: 2022/06/26 10:40:34 sql.go:91: All users successfully retreived from Database.
INFO: 2022/06/26 10:40:34 sql.go:36: All items successfully retreived from Database.
INFO: 2022/06/26 10:41:00 sql.go:91: All users successfully retreived from Database.
INFO: 2022/06/26 10:41:00 sql.go:36: All items successfully retreived from Database.
INFO: 2022/06/26 11:01:00 sql.go:91: All users successfully retreived from Database.
INFO: 2022/06/26 11:01:00 server.go:171: All items successfully transmitted.
INFO: 2022/06/26 11:01:00 sql.go:36: All items successfully retreived from Database.
INFO: 2022/06/26 11:01:00 server.go:91: All items successfully transmitted.
INFO: 2022/06/26 16:28:08 sql.go:91: All users successfully retreived from Database.
INFO: 2022/06/26 16:28:08 server.go:181: All items successfully transmitted.
INFO: 2022/06/26 16:28:08 sql.go:36: All items successfully retreived from Database.
INFO: 2022/06/26 16:28:08 server.go:91: All items successfully transmitted.
INFO: 2022/06/26 16:28:32 server.go:252: User updates successfully retrieved.
INFO: 2022/06/26 16:28:32 sql.go:120: User successfully updated in Database.
INFO: 2022/06/26 16:28:34 server.go:252: User updates successfully retrieved.
INFO: 2022/06/26 16:28:34 sql.go:120: User successfully updated in Database.
INFO: 2022/06/26 16:28:46 server.go:252: User updates successfully retrieved.
INFO: 2022/06/26 16:28:46 sql.go:120: User successfully updated in Database.
INFO: 2022/06/26 16:28:48 server.go:252: User updates successfully retrieved.
INFO: 2022/06/26 16:28:48 sql.go:120: User successfully updated in Database.
INFO: 2022/06/26 16:28:49 server.go:252: User updates successfully retrieved.
INFO: 2022/06/26 16:28:49 sql.go:120: User successfully updated in Database.
INFO: 2022/06/26 16:28:51 server.go:252: User updates successfully retrieved.
INFO: 2022/06/26 16:28:51 sql.go:120: User successfully updated in Database.
INFO: 2022/06/26 16:28:57 server.go:252: User updates successfully retrieved.
INFO: 2022/06/26 16:28:57 sql.go:120: User successfully updated in Database.
INFO: 2022/06/26 16:29:07 server.go:252: User updates successfully retrieved.
INFO: 2022/06/26 16:29:07 sql.go:120: User successfully updated in Database.
INFO: 2022/06/26 16:29:46 server.go:252: User updates successfully retrieved.
INFO: 2022/06/26 16:29:46 sql.go:120: User successfully updated in Database.
INFO: 2022/06/26 17:15:35 sql.go:91: All users successfully retreived from Database.
INFO: 2022/06/26 17:15:35 server.go:181: All items successfully transmitted.
INFO: 2022/06/26 17:15:35 sql.go:36: All items successfully retreived from Database.
INFO: 2022/06/26 17:15:35 server.go:91: All items successfully transmitted.
INFO: 2022/06/26 17:16:30 server.go:252: User updates successfully retrieved.
INFO: 2022/06/26 17:16:30 sql.go:120: User successfully updated in Database.
INFO: 2022/06/26 17:16:31 server.go:252: User updates successfully retrieved.
INFO: 2022/06/26 17:16:31 sql.go:120: User successfully updated in Database.
INFO: 2022/06/26 17:16:48 server.go:252: User updates successfully retrieved.
INFO: 2022/06/26 17:16:48 sql.go:120: User successfully updated in Database.
INFO: 2022/06/26 17:16:54 server.go:252: User updates successfully retrieved.
INFO: 2022/06/26 17:16:54 sql.go:120: User successfully updated in Database.
INFO: 2022/06/26 17:16:58 server.go:252: User updates successfully retrieved.
INFO: 2022/06/26 17:16:58 sql.go:120: User successfully updated in Database.
INFO: 2022/06/26 17:17:00 server.go:252: User updates successfully retrieved.
INFO: 2022/06/26 17:17:00 sql.go:120: User successfully updated in Database.
INFO: 2022/06/26 17:17:41 server.go:252: User updates successfully retrieved.
INFO: 2022/06/26 17:17:41 sql.go:120: User successfully updated in Database.
INFO: 2022/06/26 17:17:45 server.go:252: User updates successfully retrieved.
INFO: 2022/06/26 17:17:45 sql.go:120: User successfully updated in Database.
INFO: 2022/06/26 17:17:47 server.go:252: User updates successfully retrieved.
INFO: 2022/06/26 17:17:47 sql.go:120: User successfully updated in Database.
INFO: 2022/06/26 17:17:55 server.go:252: User updates successfully retrieved.
INFO: 2022/06/26 17:17:55 sql.go:120: User successfully updated in Database.
INFO: 2022/06/26 17:18:53 server.go:252: User updates successfully retrieved.
INFO: 2022/06/26 17:18:53 sql.go:120: User successfully updated in Database.
INFO: 2022/06/26 17:19:01 server.go:252: User updates successfully retrieved.
INFO: 2022/06/26 17:19:01 sql.go:120: User successfully updated in Database.
INFO: 2022/06/26 17:19:03 server.go:252: User updates successfully retrieved.
INFO: 2022/06/26 17:19:03 sql.go:120: User successfully updated in Database.
INFO: 2022/06/26 17:19:24 server.go:252: User updates successfully retrieved.
INFO: 2022/06/26 17:19:24 sql.go:120: User successfully updated in Database.
INFO: 2022/06/26 17:19:28 server.go:252: User updates successfully retrieved.
INFO: 2022/06/26 17:19:28 sql.go:120: User successfully updated in Database.
INFO: 2022/06/26 17:20:55 server.go:252: User updates successfully retrieved.
INFO: 2022/06/26 17:20:55 sql.go:120: User successfully updated in Database.
INFO: 2022/06/26 17:20:57 server.go:252: User updates successfully retrieved.
INFO: 2022/06/26 17:20:58 sql.go:120: User successfully updated in Database.
INFO: 2022/06/26 17:21:41 server.go:252: User updates successfully retrieved.
INFO: 2022/06/26 17:21:41 sql.go:120: User successfully updated in Database.
INFO: 2022/06/26 17:21:42 server.go:252: User updates successfully retrieved.
INFO: 2022/06/26 17:21:42 sql.go:120: User successfully updated in Database.
INFO: 2022/06/26 17:22:01 server.go:252: User updates successfully retrieved.
INFO: 2022/06/26 17:22:01 sql.go:120: User successfully updated in Database.
INFO: 2022/06/26 17:22:08 server.go:252: User updates successfully retrieved.
INFO: 2022/06/26 17:22:08 sql.go:120: User successfully updated in Database.
INFO: 2022/06/26 17:22:10 server.go:252: User updates successfully retrieved.
INFO: 2022/06/26 17:22:10 sql.go:120: User successfully updated in Database.
INFO: 2022/06/26 17:23:05 server.go:252: User updates successfully retrieved.
INFO: 2022/06/26 17:23:05 sql.go:120: User successfully updated in Database.
INFO: 2022/06/26 17:23:11 server.go:252: User updates successfully retrieved.
INFO: 2022/06/26 17:23:11 sql.go:120: User successfully updated in Database.
INFO: 2022/06/26 17:23:37 server.go:252: User updates successfully retrieved.
INFO: 2022/06/26 17:23:37 sql.go:120: User successfully updated in Database.
INFO: 2022/06/26 17:23:42 server.go:252: User updates successfully retrieved.
INFO: 2022/06/26 17:23:42 sql.go:120: User successfully updated in Database.
INFO: 2022/06/26 17:25:24 server.go:252: User updates successfully retrieved.
INFO: 2022/06/26 17:25:24 sql.go:120: User successfully updated in Database.
